[2023-06-20T13:48:52.727+0000] {taskinstance.py:1165} INFO - Dependencies all met for <TaskInstance: load_data_dag.insert_cdm scheduled__2022-10-28T00:00:00+00:00 [queued]>
[2023-06-20T13:48:52.739+0000] {taskinstance.py:1165} INFO - Dependencies all met for <TaskInstance: load_data_dag.insert_cdm scheduled__2022-10-28T00:00:00+00:00 [queued]>
[2023-06-20T13:48:52.739+0000] {taskinstance.py:1362} INFO - 
--------------------------------------------------------------------------------
[2023-06-20T13:48:52.740+0000] {taskinstance.py:1363} INFO - Starting attempt 1 of 1
[2023-06-20T13:48:52.740+0000] {taskinstance.py:1364} INFO - 
--------------------------------------------------------------------------------
[2023-06-20T13:48:52.763+0000] {taskinstance.py:1383} INFO - Executing <Task(_PythonDecoratedOperator): insert_cdm> on 2022-10-28 00:00:00+00:00
[2023-06-20T13:48:52.767+0000] {standard_task_runner.py:54} INFO - Started process 4554 to run task
[2023-06-20T13:48:52.774+0000] {standard_task_runner.py:82} INFO - Running: ['airflow', 'tasks', 'run', 'load_data_dag', 'insert_cdm', 'scheduled__2022-10-28T00:00:00+00:00', '--job-id', '671', '--raw', '--subdir', 'DAGS_FOLDER/final_dag.py', '--cfg-path', '/tmp/tmpuj31kg80']
[2023-06-20T13:48:52.777+0000] {standard_task_runner.py:83} INFO - Job 671: Subtask insert_cdm
[2023-06-20T13:48:52.780+0000] {dagbag.py:525} INFO - Filling up the DagBag from /lessons/dags/final_dag.py
[2023-06-20T13:48:53.550+0000] {logging_mixin.py:117} WARNING - /usr/local/lib/python3.9/dist-packages/airflow/models/dag.py:3393 RemovedInAirflow3Warning: The 'concurrency' parameter is deprecated. Please use 'max_active_tasks'.
[2023-06-20T13:48:53.552+0000] {logging_mixin.py:117} WARNING - /usr/local/lib/python3.9/dist-packages/airflow/models/dag.py:3393 RemovedInAirflow3Warning: Param `schedule_interval` is deprecated and will be removed in a future release. Please use `schedule` instead.
[2023-06-20T13:48:53.646+0000] {task_command.py:384} INFO - Running <TaskInstance: load_data_dag.insert_cdm scheduled__2022-10-28T00:00:00+00:00 [running]> on host d8de2624e6cc
[2023-06-20T13:48:53.686+0000] {logging_mixin.py:117} WARNING - /usr/local/lib/python3.9/dist-packages/airflow/utils/context.py:204 AirflowContextDeprecationWarning: Accessing 'execution_date' from the template is deprecated and will be removed in a future version. Please use 'data_interval_start' or 'logical_date' instead.
[2023-06-20T13:48:53.743+0000] {taskinstance.py:1590} INFO - Exporting the following env vars:
AIRFLOW_CTX_DAG_OWNER=airflow
AIRFLOW_CTX_DAG_ID=load_data_dag
AIRFLOW_CTX_TASK_ID=insert_cdm
AIRFLOW_CTX_EXECUTION_DATE=2022-10-28T00:00:00+00:00
AIRFLOW_CTX_TRY_NUMBER=1
AIRFLOW_CTX_DAG_RUN_ID=scheduled__2022-10-28T00:00:00+00:00
[2023-06-20T13:48:53.910+0000] {logging_mixin.py:117} WARNING - /usr/local/lib/python3.9/dist-packages/vertica_python/vertica/connection.py:653 UserWarning: [INFO] Cannot commit; no transaction in progress
[2023-06-20T13:48:53.912+0000] {python.py:177} INFO - Done. Returned value was: None
[2023-06-20T13:48:53.932+0000] {taskinstance.py:1401} INFO - Marking task as SUCCESS. dag_id=load_data_dag, task_id=insert_cdm, execution_date=20221028T000000, start_date=20230620T134852, end_date=20230620T134853
[2023-06-20T13:48:53.987+0000] {local_task_job.py:164} INFO - Task exited with return code 0
[2023-06-20T13:48:54.021+0000] {local_task_job.py:273} INFO - 0 downstream tasks scheduled from follow-on schedule check
