[2023-06-20T13:48:20.382+0000] {taskinstance.py:1165} INFO - Dependencies all met for <TaskInstance: load_data_dag.insert_stg scheduled__2022-10-31T00:00:00+00:00 [queued]>
[2023-06-20T13:48:20.395+0000] {taskinstance.py:1165} INFO - Dependencies all met for <TaskInstance: load_data_dag.insert_stg scheduled__2022-10-31T00:00:00+00:00 [queued]>
[2023-06-20T13:48:20.396+0000] {taskinstance.py:1362} INFO - 
--------------------------------------------------------------------------------
[2023-06-20T13:48:20.397+0000] {taskinstance.py:1363} INFO - Starting attempt 1 of 1
[2023-06-20T13:48:20.398+0000] {taskinstance.py:1364} INFO - 
--------------------------------------------------------------------------------
[2023-06-20T13:48:20.416+0000] {taskinstance.py:1383} INFO - Executing <Task(_PythonDecoratedOperator): insert_stg> on 2022-10-31 00:00:00+00:00
[2023-06-20T13:48:20.419+0000] {standard_task_runner.py:54} INFO - Started process 4078 to run task
[2023-06-20T13:48:20.427+0000] {standard_task_runner.py:82} INFO - Running: ['airflow', 'tasks', 'run', 'load_data_dag', 'insert_stg', 'scheduled__2022-10-31T00:00:00+00:00', '--job-id', '661', '--raw', '--subdir', 'DAGS_FOLDER/final_dag.py', '--cfg-path', '/tmp/tmpre1yhxai']
[2023-06-20T13:48:20.430+0000] {standard_task_runner.py:83} INFO - Job 661: Subtask insert_stg
[2023-06-20T13:48:20.433+0000] {dagbag.py:525} INFO - Filling up the DagBag from /lessons/dags/final_dag.py
[2023-06-20T13:48:21.243+0000] {logging_mixin.py:117} WARNING - /usr/local/lib/python3.9/dist-packages/airflow/models/dag.py:3393 RemovedInAirflow3Warning: The 'concurrency' parameter is deprecated. Please use 'max_active_tasks'.
[2023-06-20T13:48:21.246+0000] {logging_mixin.py:117} WARNING - /usr/local/lib/python3.9/dist-packages/airflow/models/dag.py:3393 RemovedInAirflow3Warning: Param `schedule_interval` is deprecated and will be removed in a future release. Please use `schedule` instead.
[2023-06-20T13:48:21.336+0000] {task_command.py:384} INFO - Running <TaskInstance: load_data_dag.insert_stg scheduled__2022-10-31T00:00:00+00:00 [running]> on host d8de2624e6cc
[2023-06-20T13:48:21.374+0000] {logging_mixin.py:117} WARNING - /usr/local/lib/python3.9/dist-packages/airflow/utils/context.py:204 AirflowContextDeprecationWarning: Accessing 'execution_date' from the template is deprecated and will be removed in a future version. Please use 'data_interval_start' or 'logical_date' instead.
[2023-06-20T13:48:21.426+0000] {taskinstance.py:1590} INFO - Exporting the following env vars:
AIRFLOW_CTX_DAG_OWNER=airflow
AIRFLOW_CTX_DAG_ID=load_data_dag
AIRFLOW_CTX_TASK_ID=insert_stg
AIRFLOW_CTX_EXECUTION_DATE=2022-10-31T00:00:00+00:00
AIRFLOW_CTX_TRY_NUMBER=1
AIRFLOW_CTX_DAG_RUN_ID=scheduled__2022-10-31T00:00:00+00:00
[2023-06-20T13:48:21.587+0000] {logging_mixin.py:117} WARNING - /usr/local/lib/python3.9/dist-packages/vertica_python/vertica/connection.py:653 UserWarning: [INFO] Cannot commit; no transaction in progress
[2023-06-20T13:48:21.686+0000] {python.py:177} INFO - Done. Returned value was: None
[2023-06-20T13:48:21.710+0000] {taskinstance.py:1401} INFO - Marking task as SUCCESS. dag_id=load_data_dag, task_id=insert_stg, execution_date=20221031T000000, start_date=20230620T134820, end_date=20230620T134821
[2023-06-20T13:48:21.761+0000] {local_task_job.py:164} INFO - Task exited with return code 0
[2023-06-20T13:48:21.825+0000] {local_task_job.py:273} INFO - 1 downstream tasks scheduled from follow-on schedule check
