[2023-06-20T13:42:12.450+0000] {taskinstance.py:1165} INFO - Dependencies all met for <TaskInstance: load_data_dag.save_b scheduled__2022-10-10T00:00:00+00:00 [queued]>
[2023-06-20T13:42:12.459+0000] {taskinstance.py:1165} INFO - Dependencies all met for <TaskInstance: load_data_dag.save_b scheduled__2022-10-10T00:00:00+00:00 [queued]>
[2023-06-20T13:42:12.460+0000] {taskinstance.py:1362} INFO - 
--------------------------------------------------------------------------------
[2023-06-20T13:42:12.461+0000] {taskinstance.py:1363} INFO - Starting attempt 1 of 1
[2023-06-20T13:42:12.461+0000] {taskinstance.py:1364} INFO - 
--------------------------------------------------------------------------------
[2023-06-20T13:42:12.475+0000] {taskinstance.py:1383} INFO - Executing <Task(_PythonDecoratedOperator): save_b> on 2022-10-10 00:00:00+00:00
[2023-06-20T13:42:12.478+0000] {standard_task_runner.py:54} INFO - Started process 31847 to run task
[2023-06-20T13:42:12.486+0000] {standard_task_runner.py:82} INFO - Running: ['airflow', 'tasks', 'run', 'load_data_dag', 'save_b', 'scheduled__2022-10-10T00:00:00+00:00', '--job-id', '566', '--raw', '--subdir', 'DAGS_FOLDER/final_dag.py', '--cfg-path', '/tmp/tmpuovw329a']
[2023-06-20T13:42:12.488+0000] {standard_task_runner.py:83} INFO - Job 566: Subtask save_b
[2023-06-20T13:42:12.491+0000] {dagbag.py:525} INFO - Filling up the DagBag from /lessons/dags/final_dag.py
[2023-06-20T13:42:13.280+0000] {logging_mixin.py:117} WARNING - /usr/local/lib/python3.9/dist-packages/airflow/models/dag.py:3393 RemovedInAirflow3Warning: The 'concurrency' parameter is deprecated. Please use 'max_active_tasks'.
[2023-06-20T13:42:13.283+0000] {logging_mixin.py:117} WARNING - /usr/local/lib/python3.9/dist-packages/airflow/models/dag.py:3393 RemovedInAirflow3Warning: Param `schedule_interval` is deprecated and will be removed in a future release. Please use `schedule` instead.
[2023-06-20T13:42:13.411+0000] {task_command.py:384} INFO - Running <TaskInstance: load_data_dag.save_b scheduled__2022-10-10T00:00:00+00:00 [running]> on host d8de2624e6cc
[2023-06-20T13:42:13.464+0000] {logging_mixin.py:117} WARNING - /usr/local/lib/python3.9/dist-packages/airflow/utils/context.py:204 AirflowContextDeprecationWarning: Accessing 'execution_date' from the template is deprecated and will be removed in a future version. Please use 'data_interval_start' or 'logical_date' instead.
[2023-06-20T13:42:13.523+0000] {taskinstance.py:1590} INFO - Exporting the following env vars:
AIRFLOW_CTX_DAG_OWNER=airflow
AIRFLOW_CTX_DAG_ID=load_data_dag
AIRFLOW_CTX_TASK_ID=save_b
AIRFLOW_CTX_EXECUTION_DATE=2022-10-10T00:00:00+00:00
AIRFLOW_CTX_TRY_NUMBER=1
AIRFLOW_CTX_DAG_RUN_ID=scheduled__2022-10-10T00:00:00+00:00
[2023-06-20T13:42:15.417+0000] {python.py:177} INFO - Done. Returned value was: None
[2023-06-20T13:42:15.436+0000] {taskinstance.py:1401} INFO - Marking task as SUCCESS. dag_id=load_data_dag, task_id=save_b, execution_date=20221010T000000, start_date=20230620T134212, end_date=20230620T134215
[2023-06-20T13:42:15.465+0000] {local_task_job.py:164} INFO - Task exited with return code 0
[2023-06-20T13:42:15.506+0000] {local_task_job.py:273} INFO - 1 downstream tasks scheduled from follow-on schedule check
