[2023-06-20T13:45:38.890+0000] {taskinstance.py:1165} INFO - Dependencies all met for <TaskInstance: load_data_dag.insert_cdm scheduled__2022-10-16T00:00:00+00:00 [queued]>
[2023-06-20T13:45:38.904+0000] {taskinstance.py:1165} INFO - Dependencies all met for <TaskInstance: load_data_dag.insert_cdm scheduled__2022-10-16T00:00:00+00:00 [queued]>
[2023-06-20T13:45:38.905+0000] {taskinstance.py:1362} INFO - 
--------------------------------------------------------------------------------
[2023-06-20T13:45:38.906+0000] {taskinstance.py:1363} INFO - Starting attempt 1 of 1
[2023-06-20T13:45:38.906+0000] {taskinstance.py:1364} INFO - 
--------------------------------------------------------------------------------
[2023-06-20T13:45:38.923+0000] {taskinstance.py:1383} INFO - Executing <Task(_PythonDecoratedOperator): insert_cdm> on 2022-10-16 00:00:00+00:00
[2023-06-20T13:45:38.926+0000] {standard_task_runner.py:54} INFO - Started process 2178 to run task
[2023-06-20T13:45:38.929+0000] {standard_task_runner.py:82} INFO - Running: ['airflow', 'tasks', 'run', 'load_data_dag', 'insert_cdm', 'scheduled__2022-10-16T00:00:00+00:00', '--job-id', '623', '--raw', '--subdir', 'DAGS_FOLDER/final_dag.py', '--cfg-path', '/tmp/tmp73iw0v8p']
[2023-06-20T13:45:38.931+0000] {standard_task_runner.py:83} INFO - Job 623: Subtask insert_cdm
[2023-06-20T13:45:38.932+0000] {dagbag.py:525} INFO - Filling up the DagBag from /lessons/dags/final_dag.py
[2023-06-20T13:45:39.652+0000] {logging_mixin.py:117} WARNING - /usr/local/lib/python3.9/dist-packages/airflow/models/dag.py:3393 RemovedInAirflow3Warning: The 'concurrency' parameter is deprecated. Please use 'max_active_tasks'.
[2023-06-20T13:45:39.654+0000] {logging_mixin.py:117} WARNING - /usr/local/lib/python3.9/dist-packages/airflow/models/dag.py:3393 RemovedInAirflow3Warning: Param `schedule_interval` is deprecated and will be removed in a future release. Please use `schedule` instead.
[2023-06-20T13:45:39.760+0000] {task_command.py:384} INFO - Running <TaskInstance: load_data_dag.insert_cdm scheduled__2022-10-16T00:00:00+00:00 [running]> on host d8de2624e6cc
[2023-06-20T13:45:39.805+0000] {logging_mixin.py:117} WARNING - /usr/local/lib/python3.9/dist-packages/airflow/utils/context.py:204 AirflowContextDeprecationWarning: Accessing 'execution_date' from the template is deprecated and will be removed in a future version. Please use 'data_interval_start' or 'logical_date' instead.
[2023-06-20T13:45:39.857+0000] {taskinstance.py:1590} INFO - Exporting the following env vars:
AIRFLOW_CTX_DAG_OWNER=airflow
AIRFLOW_CTX_DAG_ID=load_data_dag
AIRFLOW_CTX_TASK_ID=insert_cdm
AIRFLOW_CTX_EXECUTION_DATE=2022-10-16T00:00:00+00:00
AIRFLOW_CTX_TRY_NUMBER=1
AIRFLOW_CTX_DAG_RUN_ID=scheduled__2022-10-16T00:00:00+00:00
[2023-06-20T13:45:40.020+0000] {logging_mixin.py:117} WARNING - /usr/local/lib/python3.9/dist-packages/vertica_python/vertica/connection.py:653 UserWarning: [INFO] Cannot commit; no transaction in progress
[2023-06-20T13:45:40.021+0000] {python.py:177} INFO - Done. Returned value was: None
[2023-06-20T13:45:40.042+0000] {taskinstance.py:1401} INFO - Marking task as SUCCESS. dag_id=load_data_dag, task_id=insert_cdm, execution_date=20221016T000000, start_date=20230620T134538, end_date=20230620T134540
[2023-06-20T13:45:40.067+0000] {local_task_job.py:164} INFO - Task exited with return code 0
[2023-06-20T13:45:40.096+0000] {local_task_job.py:273} INFO - 0 downstream tasks scheduled from follow-on schedule check
