[2023-06-20T13:46:16.287+0000] {taskinstance.py:1165} INFO - Dependencies all met for <TaskInstance: load_data_dag.save_b scheduled__2022-10-23T00:00:00+00:00 [queued]>
[2023-06-20T13:46:16.297+0000] {taskinstance.py:1165} INFO - Dependencies all met for <TaskInstance: load_data_dag.save_b scheduled__2022-10-23T00:00:00+00:00 [queued]>
[2023-06-20T13:46:16.297+0000] {taskinstance.py:1362} INFO - 
--------------------------------------------------------------------------------
[2023-06-20T13:46:16.298+0000] {taskinstance.py:1363} INFO - Starting attempt 1 of 1
[2023-06-20T13:46:16.299+0000] {taskinstance.py:1364} INFO - 
--------------------------------------------------------------------------------
[2023-06-20T13:46:16.313+0000] {taskinstance.py:1383} INFO - Executing <Task(_PythonDecoratedOperator): save_b> on 2022-10-23 00:00:00+00:00
[2023-06-20T13:46:16.316+0000] {standard_task_runner.py:54} INFO - Started process 2592 to run task
[2023-06-20T13:46:16.323+0000] {standard_task_runner.py:82} INFO - Running: ['airflow', 'tasks', 'run', 'load_data_dag', 'save_b', 'scheduled__2022-10-23T00:00:00+00:00', '--job-id', '631', '--raw', '--subdir', 'DAGS_FOLDER/final_dag.py', '--cfg-path', '/tmp/tmpxdv6bcvf']
[2023-06-20T13:46:16.326+0000] {standard_task_runner.py:83} INFO - Job 631: Subtask save_b
[2023-06-20T13:46:16.329+0000] {dagbag.py:525} INFO - Filling up the DagBag from /lessons/dags/final_dag.py
[2023-06-20T13:46:17.091+0000] {logging_mixin.py:117} WARNING - /usr/local/lib/python3.9/dist-packages/airflow/models/dag.py:3393 RemovedInAirflow3Warning: The 'concurrency' parameter is deprecated. Please use 'max_active_tasks'.
[2023-06-20T13:46:17.093+0000] {logging_mixin.py:117} WARNING - /usr/local/lib/python3.9/dist-packages/airflow/models/dag.py:3393 RemovedInAirflow3Warning: Param `schedule_interval` is deprecated and will be removed in a future release. Please use `schedule` instead.
[2023-06-20T13:46:17.204+0000] {task_command.py:384} INFO - Running <TaskInstance: load_data_dag.save_b scheduled__2022-10-23T00:00:00+00:00 [running]> on host d8de2624e6cc
[2023-06-20T13:46:17.257+0000] {logging_mixin.py:117} WARNING - /usr/local/lib/python3.9/dist-packages/airflow/utils/context.py:204 AirflowContextDeprecationWarning: Accessing 'execution_date' from the template is deprecated and will be removed in a future version. Please use 'data_interval_start' or 'logical_date' instead.
[2023-06-20T13:46:17.312+0000] {taskinstance.py:1590} INFO - Exporting the following env vars:
AIRFLOW_CTX_DAG_OWNER=airflow
AIRFLOW_CTX_DAG_ID=load_data_dag
AIRFLOW_CTX_TASK_ID=save_b
AIRFLOW_CTX_EXECUTION_DATE=2022-10-23T00:00:00+00:00
AIRFLOW_CTX_TRY_NUMBER=1
AIRFLOW_CTX_DAG_RUN_ID=scheduled__2022-10-23T00:00:00+00:00
[2023-06-20T13:46:19.068+0000] {python.py:177} INFO - Done. Returned value was: None
[2023-06-20T13:46:19.084+0000] {taskinstance.py:1401} INFO - Marking task as SUCCESS. dag_id=load_data_dag, task_id=save_b, execution_date=20221023T000000, start_date=20230620T134616, end_date=20230620T134619
[2023-06-20T13:46:19.145+0000] {local_task_job.py:164} INFO - Task exited with return code 0
[2023-06-20T13:46:19.194+0000] {local_task_job.py:273} INFO - 1 downstream tasks scheduled from follow-on schedule check
