[2023-06-20T13:43:23.187+0000] {taskinstance.py:1165} INFO - Dependencies all met for <TaskInstance: load_data_dag.save_c scheduled__2022-10-11T00:00:00+00:00 [queued]>
[2023-06-20T13:43:23.200+0000] {taskinstance.py:1165} INFO - Dependencies all met for <TaskInstance: load_data_dag.save_c scheduled__2022-10-11T00:00:00+00:00 [queued]>
[2023-06-20T13:43:23.200+0000] {taskinstance.py:1362} INFO - 
--------------------------------------------------------------------------------
[2023-06-20T13:43:23.201+0000] {taskinstance.py:1363} INFO - Starting attempt 1 of 1
[2023-06-20T13:43:23.201+0000] {taskinstance.py:1364} INFO - 
--------------------------------------------------------------------------------
[2023-06-20T13:43:23.216+0000] {taskinstance.py:1383} INFO - Executing <Task(_PythonDecoratedOperator): save_c> on 2022-10-11 00:00:00+00:00
[2023-06-20T13:43:23.219+0000] {standard_task_runner.py:54} INFO - Started process 32693 to run task
[2023-06-20T13:43:23.226+0000] {standard_task_runner.py:82} INFO - Running: ['airflow', 'tasks', 'run', 'load_data_dag', 'save_c', 'scheduled__2022-10-11T00:00:00+00:00', '--job-id', '583', '--raw', '--subdir', 'DAGS_FOLDER/final_dag.py', '--cfg-path', '/tmp/tmp18ol73c6']
[2023-06-20T13:43:23.228+0000] {standard_task_runner.py:83} INFO - Job 583: Subtask save_c
[2023-06-20T13:43:23.230+0000] {dagbag.py:525} INFO - Filling up the DagBag from /lessons/dags/final_dag.py
[2023-06-20T13:43:24.020+0000] {logging_mixin.py:117} WARNING - /usr/local/lib/python3.9/dist-packages/airflow/models/dag.py:3393 RemovedInAirflow3Warning: The 'concurrency' parameter is deprecated. Please use 'max_active_tasks'.
[2023-06-20T13:43:24.022+0000] {logging_mixin.py:117} WARNING - /usr/local/lib/python3.9/dist-packages/airflow/models/dag.py:3393 RemovedInAirflow3Warning: Param `schedule_interval` is deprecated and will be removed in a future release. Please use `schedule` instead.
[2023-06-20T13:43:24.123+0000] {task_command.py:384} INFO - Running <TaskInstance: load_data_dag.save_c scheduled__2022-10-11T00:00:00+00:00 [running]> on host d8de2624e6cc
[2023-06-20T13:43:24.186+0000] {logging_mixin.py:117} WARNING - /usr/local/lib/python3.9/dist-packages/airflow/utils/context.py:204 AirflowContextDeprecationWarning: Accessing 'execution_date' from the template is deprecated and will be removed in a future version. Please use 'data_interval_start' or 'logical_date' instead.
[2023-06-20T13:43:24.248+0000] {taskinstance.py:1590} INFO - Exporting the following env vars:
AIRFLOW_CTX_DAG_OWNER=airflow
AIRFLOW_CTX_DAG_ID=load_data_dag
AIRFLOW_CTX_TASK_ID=save_c
AIRFLOW_CTX_EXECUTION_DATE=2022-10-11T00:00:00+00:00
AIRFLOW_CTX_TRY_NUMBER=1
AIRFLOW_CTX_DAG_RUN_ID=scheduled__2022-10-11T00:00:00+00:00
[2023-06-20T13:43:24.555+0000] {python.py:177} INFO - Done. Returned value was: None
[2023-06-20T13:43:24.583+0000] {taskinstance.py:1401} INFO - Marking task as SUCCESS. dag_id=load_data_dag, task_id=save_c, execution_date=20221011T000000, start_date=20230620T134323, end_date=20230620T134324
[2023-06-20T13:43:24.640+0000] {local_task_job.py:164} INFO - Task exited with return code 0
[2023-06-20T13:43:24.711+0000] {local_task_job.py:273} INFO - 1 downstream tasks scheduled from follow-on schedule check
